Start testing: Feb 10 20:29 CET
----------------------------------------------------------
1/6 Testing: TestEjemplo.IntArgReturnSameInt
1/6 Test: TestEjemplo.IntArgReturnSameInt
Command: "/Users/raulalbin/Desktop/Desarrollo/cpp/almacen/build/test/UnitTests" "--gtest_filter=TestEjemplo.IntArgReturnSameInt" "--gtest_also_run_disabled_tests"
Directory: /Users/raulalbin/Desktop/Desarrollo/cpp/almacen/build/test
"TestEjemplo.IntArgReturnSameInt" start time: Feb 10 20:29 CET
Output:
----------------------------------------------------------
Running main() from /Users/raulalbin/Desktop/Desarrollo/cpp/almacen/build/_deps/googletest-src/googletest/src/gtest_main.cc
Note: Google Test filter = TestEjemplo.IntArgReturnSameInt
[==========] Running 1 test from 1 test suite.
[----------] Global test environment set-up.
[----------] 1 test from TestEjemplo
[ RUN      ] TestEjemplo.IntArgReturnSameInt
[       OK ] TestEjemplo.IntArgReturnSameInt (0 ms)
[----------] 1 test from TestEjemplo (0 ms total)

[----------] Global test environment tear-down
[==========] 1 test from 1 test suite ran. (0 ms total)
[  PASSED  ] 1 test.
<end of output>
Test time =   0.01 sec
----------------------------------------------------------
Test Passed.
"TestEjemplo.IntArgReturnSameInt" end time: Feb 10 20:29 CET
"TestEjemplo.IntArgReturnSameInt" time elapsed: 00:00:00
----------------------------------------------------------

2/6 Testing: TestEjemplo.IntArgReturnNotSameInt
2/6 Test: TestEjemplo.IntArgReturnNotSameInt
Command: "/Users/raulalbin/Desktop/Desarrollo/cpp/almacen/build/test/UnitTests" "--gtest_filter=TestEjemplo.IntArgReturnNotSameInt" "--gtest_also_run_disabled_tests"
Directory: /Users/raulalbin/Desktop/Desarrollo/cpp/almacen/build/test
"TestEjemplo.IntArgReturnNotSameInt" start time: Feb 10 20:29 CET
Output:
----------------------------------------------------------
Running main() from /Users/raulalbin/Desktop/Desarrollo/cpp/almacen/build/_deps/googletest-src/googletest/src/gtest_main.cc
Note: Google Test filter = TestEjemplo.IntArgReturnNotSameInt
[==========] Running 1 test from 1 test suite.
[----------] Global test environment set-up.
[----------] 1 test from TestEjemplo
[ RUN      ] TestEjemplo.IntArgReturnNotSameInt
[       OK ] TestEjemplo.IntArgReturnNotSameInt (0 ms)
[----------] 1 test from TestEjemplo (0 ms total)

[----------] Global test environment tear-down
[==========] 1 test from 1 test suite ran. (0 ms total)
[  PASSED  ] 1 test.
<end of output>
Test time =   0.01 sec
----------------------------------------------------------
Test Passed.
"TestEjemplo.IntArgReturnNotSameInt" end time: Feb 10 20:29 CET
"TestEjemplo.IntArgReturnNotSameInt" time elapsed: 00:00:00
----------------------------------------------------------

3/6 Testing: StoragedProduct.SetArguments
3/6 Test: StoragedProduct.SetArguments
Command: "/Users/raulalbin/Desktop/Desarrollo/cpp/almacen/build/test/UnitTests" "--gtest_filter=StoragedProduct.SetArguments" "--gtest_also_run_disabled_tests"
Directory: /Users/raulalbin/Desktop/Desarrollo/cpp/almacen/build/test
"StoragedProduct.SetArguments" start time: Feb 10 20:29 CET
Output:
----------------------------------------------------------
Running main() from /Users/raulalbin/Desktop/Desarrollo/cpp/almacen/build/_deps/googletest-src/googletest/src/gtest_main.cc
Note: Google Test filter = StoragedProduct.SetArguments
[==========] Running 1 test from 1 test suite.
[----------] Global test environment set-up.
[----------] 1 test from StoragedProduct
[ RUN      ] StoragedProduct.SetArguments
Destruyendo 0x1052c6fd0
Destruyendo 0x1052c6fd0
[       OK ] StoragedProduct.SetArguments (0 ms)
[----------] 1 test from StoragedProduct (0 ms total)

[----------] Global test environment tear-down
[==========] 1 test from 1 test suite ran. (0 ms total)
[  PASSED  ] 1 test.
<end of output>
Test time =   0.01 sec
----------------------------------------------------------
Test Passed.
"StoragedProduct.SetArguments" end time: Feb 10 20:29 CET
"StoragedProduct.SetArguments" time elapsed: 00:00:00
----------------------------------------------------------

4/6 Testing: StoragedProduct.CanRetireQuantity
4/6 Test: StoragedProduct.CanRetireQuantity
Command: "/Users/raulalbin/Desktop/Desarrollo/cpp/almacen/build/test/UnitTests" "--gtest_filter=StoragedProduct.CanRetireQuantity" "--gtest_also_run_disabled_tests"
Directory: /Users/raulalbin/Desktop/Desarrollo/cpp/almacen/build/test
"StoragedProduct.CanRetireQuantity" start time: Feb 10 20:29 CET
Output:
----------------------------------------------------------
Running main() from /Users/raulalbin/Desktop/Desarrollo/cpp/almacen/build/_deps/googletest-src/googletest/src/gtest_main.cc
Note: Google Test filter = StoragedProduct.CanRetireQuantity
[==========] Running 1 test from 1 test suite.
[----------] Global test environment set-up.
[----------] 1 test from StoragedProduct
[ RUN      ] StoragedProduct.CanRetireQuantity
Destruyendo 0x100922fd0
Destruyendo 0x100922fd0
[       OK ] StoragedProduct.CanRetireQuantity (0 ms)
[----------] 1 test from StoragedProduct (0 ms total)

[----------] Global test environment tear-down
[==========] 1 test from 1 test suite ran. (0 ms total)
[  PASSED  ] 1 test.
<end of output>
Test time =   0.01 sec
----------------------------------------------------------
Test Passed.
"StoragedProduct.CanRetireQuantity" end time: Feb 10 20:29 CET
"StoragedProduct.CanRetireQuantity" time elapsed: 00:00:00
----------------------------------------------------------

5/6 Testing: StoragedProduct.RetireQuantity
5/6 Test: StoragedProduct.RetireQuantity
Command: "/Users/raulalbin/Desktop/Desarrollo/cpp/almacen/build/test/UnitTests" "--gtest_filter=StoragedProduct.RetireQuantity" "--gtest_also_run_disabled_tests"
Directory: /Users/raulalbin/Desktop/Desarrollo/cpp/almacen/build/test
"StoragedProduct.RetireQuantity" start time: Feb 10 20:29 CET
Output:
----------------------------------------------------------
Running main() from /Users/raulalbin/Desktop/Desarrollo/cpp/almacen/build/_deps/googletest-src/googletest/src/gtest_main.cc
Note: Google Test filter = StoragedProduct.RetireQuantity
[==========] Running 1 test from 1 test suite.
[----------] Global test environment set-up.
[----------] 1 test from StoragedProduct
[ RUN      ] StoragedProduct.RetireQuantity
Destruyendo 0x1032cafd0
Destruyendo 0x1032cafd0
[       OK ] StoragedProduct.RetireQuantity (0 ms)
[----------] 1 test from StoragedProduct (0 ms total)

[----------] Global test environment tear-down
[==========] 1 test from 1 test suite ran. (0 ms total)
[  PASSED  ] 1 test.
<end of output>
Test time =   0.00 sec
----------------------------------------------------------
Test Passed.
"StoragedProduct.RetireQuantity" end time: Feb 10 20:29 CET
"StoragedProduct.RetireQuantity" time elapsed: 00:00:00
----------------------------------------------------------

6/6 Testing: StoragedProduct.UpdateProduct
6/6 Test: StoragedProduct.UpdateProduct
Command: "/Users/raulalbin/Desktop/Desarrollo/cpp/almacen/build/test/UnitTests" "--gtest_filter=StoragedProduct.UpdateProduct" "--gtest_also_run_disabled_tests"
Directory: /Users/raulalbin/Desktop/Desarrollo/cpp/almacen/build/test
"StoragedProduct.UpdateProduct" start time: Feb 10 20:29 CET
Output:
----------------------------------------------------------
Running main() from /Users/raulalbin/Desktop/Desarrollo/cpp/almacen/build/_deps/googletest-src/googletest/src/gtest_main.cc
Note: Google Test filter = StoragedProduct.UpdateProduct
[==========] Running 1 test from 1 test suite.
[----------] Global test environment set-up.
[----------] 1 test from StoragedProduct
[ RUN      ] StoragedProduct.UpdateProduct
Updating pointer 0x102ec6ff0 With 0x102ec7020
Destruyendo 0x102ec7020
Destruyendo 0x102ec7020
Destruyendo 0x102ec6ff0
Destruyendo 0x102ec6ff0
[       OK ] StoragedProduct.UpdateProduct (0 ms)
[----------] 1 test from StoragedProduct (0 ms total)

[----------] Global test environment tear-down
[==========] 1 test from 1 test suite ran. (0 ms total)
[  PASSED  ] 1 test.
<end of output>
Test time =   0.00 sec
----------------------------------------------------------
Test Passed.
"StoragedProduct.UpdateProduct" end time: Feb 10 20:29 CET
"StoragedProduct.UpdateProduct" time elapsed: 00:00:00
----------------------------------------------------------

End testing: Feb 10 20:29 CET
